{"total": {"lines":{"total":757,"covered":407,"skipped":0,"pct":53.76},"statements":{"total":757,"covered":407,"skipped":0,"pct":53.76},"functions":{"total":27,"covered":18,"skipped":0,"pct":66.66},"branches":{"total":287,"covered":230,"skipped":0,"pct":80.13},"branchesTrue":{"total":0,"covered":0,"skipped":0,"pct":"Unknown"}}
,"E:\\VStudio_Project\\Silicon Meridian\\src\\utils\\format.js": {"lines":{"total":34,"covered":0,"skipped":0,"pct":0},"functions":{"total":1,"covered":0,"skipped":0,"pct":0},"statements":{"total":34,"covered":0,"skipped":0,"pct":0},"branches":{"total":1,"covered":0,"skipped":0,"pct":0}}
,"E:\\VStudio_Project\\Silicon Meridian\\src\\utils\\localStorage.js": {"lines":{"total":27,"covered":0,"skipped":0,"pct":0},"functions":{"total":1,"covered":0,"skipped":0,"pct":0},"statements":{"total":27,"covered":0,"skipped":0,"pct":0},"branches":{"total":1,"covered":0,"skipped":0,"pct":0}}
,"E:\\VStudio_Project\\Silicon Meridian\\src\\utils\\profileModel.js": {"lines":{"total":280,"covered":0,"skipped":0,"pct":0},"functions":{"total":1,"covered":0,"skipped":0,"pct":0},"statements":{"total":280,"covered":0,"skipped":0,"pct":0},"branches":{"total":1,"covered":0,"skipped":0,"pct":0}}
,"E:\\VStudio_Project\\Silicon Meridian\\src\\utils\\toast.js": {"lines":{"total":9,"covered":0,"skipped":0,"pct":0},"functions":{"total":1,"covered":0,"skipped":0,"pct":0},"statements":{"total":9,"covered":0,"skipped":0,"pct":0},"branches":{"total":1,"covered":0,"skipped":0,"pct":0}}
,"E:\\VStudio_Project\\Silicon Meridian\\src\\utils\\workflowEngine.js": {"lines":{"total":407,"covered":407,"skipped":0,"pct":100},"functions":{"total":23,"covered":18,"skipped":0,"pct":78.26},"statements":{"total":407,"covered":407,"skipped":0,"pct":100},"branches":{"total":283,"covered":230,"skipped":0,"pct":81.27}}
}
